<?xml version="1.0" encoding="UTF-8"?>
<testsuite name="com.kodilla.testing.collection.CollectionTestSuite" tests="2" skipped="0" failures="0" errors="0" timestamp="2018-11-21T09:05:12" hostname="LAPTOP-723PMU6N" time="0.003">
  <properties/>
  <testcase name="testOddNumberExterminatorNormalList" classname="com.kodilla.testing.collection.CollectionTestSuite" time="0.002"/>
  <testcase name="testOddNumberExterminatorEmptylList" classname="com.kodilla.testing.collection.CollectionTestSuite" time="0.0"/>
  <system-out><![CDATA[Test case:begin
testOddNumberExterminatorNormalList()
Test case:end
Test case:begin
testOddNumberExterminatorEmptylList()
Test case:end
]]></system-out>
  <system-err><![CDATA[]]></system-err>
</testsuite>
